
-----
Test: tests/test_by_product.py::test_by_product_2 (call)
Start time: 2022-09-27 13:53:25.561500
Start name method: autorization

End time: 2022-09-27 13:53:30.172780
End name method: autorization
URL: https://www.saucedemo.com/inventory.html

-----

-----
Test: tests/test_about_linc.py::test_linc_about (call)
Start time: 2022-09-27 13:53:32.214670
Start name method: autorization

End time: 2022-09-27 13:53:36.865564
End name method: autorization
URL: https://www.saucedemo.com/inventory.html

-----

-----
Test: tests/test_by_product.py::test_by_product_1 (call)
Start time: 2022-09-27 13:53:50.262424
Start name method: autorization

End time: 2022-09-27 13:53:54.724636
End name method: autorization
URL: https://www.saucedemo.com/inventory.html

-----

-----
Test: tests/test_by_product.py::test_by_product_3 (call)
Start time: 2022-09-27 13:53:56.469257
Start name method: autorization

End time: 2022-09-27 13:54:02.639360
End name method: autorization
URL: https://www.saucedemo.com/inventory.html

-----
