
-----
Test: tests/test_by_product.py::test_by_product_2 (call)
Start time: 2022-09-26 22:16:13.523426
Start name method: autorization

End time: 2022-09-26 22:16:18.400374
End name method: autorization
URL: https://www.saucedemo.com/inventory.html

-----

-----
Test: tests/test_about_linc.py::test_linc_about (call)
Start time: 2022-09-26 22:16:20.350816
Start name method: autorization

End time: 2022-09-26 22:16:25.178041
End name method: autorization
URL: https://www.saucedemo.com/inventory.html

-----

-----
Test: tests/test_by_product.py::test_by_product_1 (call)
Start time: 2022-09-26 22:16:35.207680
Start name method: autorization

End time: 2022-09-26 22:16:39.544159
End name method: autorization
URL: https://www.saucedemo.com/inventory.html

-----

-----
Test: tests/test_by_product.py::test_by_product_3 (call)
Start time: 2022-09-26 22:16:41.272309
Start name method: autorization

End time: 2022-09-26 22:16:46.186340
End name method: autorization
URL: https://www.saucedemo.com/inventory.html

-----
