
-----
Test: tests/test_by_product.py::test_by_product_2 (call)
Start time: 2022-09-26 22:45:03.729056
Start name method: autorization

End time: 2022-09-26 22:45:08.488414
End name method: autorization
URL: https://www.saucedemo.com/inventory.html

-----

-----
Test: tests/test_about_linc.py::test_linc_about (call)
Start time: 2022-09-26 22:45:10.399922
Start name method: autorization

End time: 2022-09-26 22:45:14.932128
End name method: autorization
URL: https://www.saucedemo.com/inventory.html

-----

-----
Test: tests/test_by_product.py::test_by_product_1 (call)
Start time: 2022-09-26 22:45:28.980108
Start name method: autorization

End time: 2022-09-26 22:45:33.419804
End name method: autorization
URL: https://www.saucedemo.com/inventory.html

-----

-----
Test: tests/test_by_product.py::test_by_product_3 (call)
Start time: 2022-09-26 22:45:35.497529
Start name method: autorization

End time: 2022-09-26 22:45:40.090124
End name method: autorization
URL: https://www.saucedemo.com/inventory.html

-----
