
-----
Test: tests/test_by_product.py::test_by_product_2 (call)
Start time: 2022-09-26 22:22:42.619610
Start name method: autorization

End time: 2022-09-26 22:22:47.410884
End name method: autorization
URL: https://www.saucedemo.com/inventory.html

-----

-----
Test: tests/test_about_linc.py::test_linc_about (call)
Start time: 2022-09-26 22:22:49.447422
Start name method: autorization

End time: 2022-09-26 22:22:53.774791
End name method: autorization
URL: https://www.saucedemo.com/inventory.html

-----

-----
Test: tests/test_by_product.py::test_by_product_1 (call)
Start time: 2022-09-26 22:23:07.753960
Start name method: autorization

End time: 2022-09-26 22:23:12.373481
End name method: autorization
URL: https://www.saucedemo.com/inventory.html

-----

-----
Test: tests/test_by_product.py::test_by_product_3 (call)
Start time: 2022-09-26 22:23:14.116294
Start name method: autorization

End time: 2022-09-26 22:23:18.500396
End name method: autorization
URL: https://www.saucedemo.com/inventory.html

-----
